 5.392E+01
 3.719E+01
 5.404E+01
 2.803E+01
 4.399E+01
 1.973E+01
 3.487E+01
 1.218E+01
 2.656E+01
 5.299E+00
 1.897E+01
-1.014E+00
 1.201E+01
-6.821E+00
 5.600E+00
-1.218E+01
-3.132E-01
-1.715E+01
-5.784E+00
-2.175E+01
-1.086E+01
-2.604E+01
-1.557E+01
-3.003E+01
-1.994E+01
-3.375E+01
-2.402E+01
-3.722E+01
-2.780E+01
-4.046E+01
-3.131E+01
-4.346E+01
-3.456E+01
-4.623E+01
-3.754E+01
-4.878E+01
-4.027E+01
-5.111E+01
-4.274E+01
-5.319E+01
-4.493E+01
-5.501E+01
-4.682E+01
-5.656E+01
-4.841E+01
-5.781E+01
-4.964E+01
-5.871E+01
-5.050E+01
-5.923E+01
-5.092E+01
-5.932E+01
-5.085E+01
-5.890E+01
-5.022E+01
-5.790E+01
-4.895E+01
-5.624E+01
-4.696E+01
-5.382E+01
-4.413E+01
-5.054E+01
-4.036E+01
-4.627E+01
-3.554E+01
-4.091E+01
-2.956E+01
-3.438E+01
-2.235E+01
-2.659E+01
-1.387E+01
-1.754E+01
-4.137E+00
-7.309E+00
 6.704E+00
 3.919E+00
 1.838E+01
 1.579E+01
 3.044E+01
 2.776E+01
 4.223E+01
 3.912E+01
 5.295E+01
 4.902E+01
 6.169E+01
 5.660E+01
 6.761E+01
 6.116E+01
 7.018E+01
 6.242E+01
 6.930E+01
 6.061E+01
 6.546E+01
 5.649E+01
 5.951E+01
 5.108E+01
 5.243E+01
 4.534E+01
 4.496E+01
 3.993E+01
 3.749E+01
