   1.1391176382304369     
   9.6336334707093269E-042
   1.1391176378395238     
   7.6522670687692959E-042
   1.1391176373473937     
   6.0784117923742657E-042
   1.1391176367278384     
   4.8282541089639056E-042
   1.1391176359478645     
   3.8352185631735591E-042
   1.1391176349659353     
   3.0464223910674475E-042
   1.1391176337297599     
   2.4198593201211312E-042
   1.1391176321735075     
   1.9221625820329179E-042
   1.1391176302143013     
   1.5268280106392743E-042
   1.1391176277478072     
   1.2128025984186814E-042
   1.1391176246426751     
   9.6336334707093319E-043
   1.1391176207335452     
   7.6522670687692965E-043
   1.1391176158122422     
   6.0784117923742660E-043
   1.1391176096166893     
   4.8282541089639050E-043
   1.1391176018169500     
   3.8352185631735575E-043
   1.1391175919976604     
   3.0464223910674493E-043
   1.1391175796359074     
   2.4198593201211310E-043
   1.1391175640733826     
   1.9221625820329180E-043
   1.1391175444813255     
   1.5268280106392742E-043
   1.1391175198163876     
   1.2128025984186809E-043
   1.1391174887650724     
   9.6336334707093323E-044
   1.1391174496737848     
   7.6522670687692955E-044
   1.1391174004607734     
   6.0784117923742658E-044
   1.1391173385052686     
   4.8282541089639060E-044
   1.1391172605079189     
   8.0035542697799818E-006
   1.1391171379404814     
  0.78816221287683552     
   1.1391153807983438     
   1.1311435693249803     
   1.1391045175661088     
   1.1380697919369696     
   1.1390825327256258     
   1.1364450407862956     
   1.3607868968511340E-044
   1.1391079980761902     
   1.0809114536116941E-044
   1.1390901431008134     
   8.5859848684063475E-045
   1.1390776282710067     
   6.8200902038905981E-045
   1.1390910159066867     
   5.4173902123167878E-045
   1.1391045844185730     
   2.4311082045858272E-024
   1.1391100728751695     
   3.1085450795416205E-016
   1.1391122829654090     
   6.4636648050881698E-013
   8.2134481429470393E-004
   1.1232478368505814     
   1.5578686937786204E-005
   1.1330355717047125     
   1.0259995983210939E-006
   1.1328740872389773     
   9.3897421782816351E-008
   1.1323768772575398     
   9.8543030817356196E-009
   1.1315981544973368     
   8.3978689080862163E-010
   1.1305458955700951     
   3.7720748182772993E-011
   1.1291924634427082     
   8.5795381471291067E-014
   1.1304146004267048     
   1.1295602691431039     
   8.8136759186582328E-014
   6.5395276595246509E-003
   2.1390374190822108E-016
   1.1381436944911265     
   1.1390111417005480     
   1.1369636043986864     
   1.1090624689364341     
   6.8172587505829463E-012
   1.1183077399121077     
  0.71410959792038753     
  0.93134112898358545     
