   9.5477E-06
   1.9456E-05
   3.4451E-05
   5.9717E-05
   9.8434E-05
   1.4964E-04
   2.0680E-04
   2.6217E-04
   3.0997E-04
   3.4266E-04
   3.6010E-04
   3.4146E-04
   4.3257E-04
   5.9844E-04
   5.6742E-04
   9.4247E-04
   1.3930E-03
   2.1009E-03
   3.1823E-03
   4.8162E-03
   7.6817E-03
   1.1310E-02
   1.6360E-02
   2.4227E-02
   3.6629E-02
   5.4962E-02
   8.2174E-02
   1.2555E-01
   1.8790E-01
   2.8757E-01
   4.2727E-01
   4.8389E-01
   4.1925E-01
   2.0529E-01
   2.1432E-02
  -1.1970E-02
  -1.2338E-02
   1.2724E-02
   1.2487E-01
   3.6286E-01
   6.1911E-01
   7.6226E-01
   7.3482E-01
   5.2391E-01
   2.4891E-01
   6.7842E-02
   8.9233E-03
   4.4611E-04
   6.2706E-06
   1.4837E-08
   0.0000E+00
  -1.0387E-05
   1.4857E-05
   3.4451E-05
   5.9717E-05
   9.8434E-05
   1.4964E-04
   2.0680E-04
   2.6217E-04
   3.0997E-04
   3.4266E-04
   3.6011E-04
   3.4146E-04
   4.3257E-04
   5.9844E-04
   5.6742E-04
   9.4247E-04
   1.3930E-03
   2.1009E-03
   3.1823E-03
   4.8162E-03
   7.6817E-03
   1.1310E-02
   1.6360E-02
   2.4227E-02
   3.6629E-02
   5.4962E-02
   8.2174E-02
   1.2555E-01
   1.8790E-01
   2.8757E-01
   4.2727E-01
   4.8389E-01
   4.1925E-01
   2.0529E-01
   2.1432E-02
  -1.1970E-02
  -1.2338E-02
   1.2724E-02
   1.2487E-01
   3.6286E-01
   6.1911E-01
   7.6226E-01
   7.3482E-01
   5.2391E-01
   2.4891E-01
   6.7842E-02
   8.9233E-03
   4.4611E-04
   6.2706E-06
   1.4837E-08
   0.0000E+00
  -1.0387E-05
  -2.1569E-05
   2.6437E-05
   5.9717E-05
   9.8434E-05
   1.4964E-04
   2.0680E-04
   2.6217E-04
   3.0997E-04
   3.4266E-04
   3.6011E-04
   3.4146E-04
   4.3257E-04
   5.9845E-04
   5.6742E-04
   9.4247E-04
   1.3930E-03
   2.1009E-03
   3.1823E-03
   4.8162E-03
   7.6817E-03
   1.1310E-02
   1.6360E-02
   2.4227E-02
   3.6629E-02
   5.4962E-02
   8.2174E-02
   1.2555E-01
   1.8790E-01
   2.8757E-01
   4.2727E-01
   4.8389E-01
   4.1925E-01
   2.0529E-01
   2.1432E-02
  -1.1970E-02
  -1.2338E-02
   1.2724E-02
   1.2487E-01
   3.6286E-01
   6.1911E-01
   7.6226E-01
   7.3482E-01
   5.2391E-01
   2.4891E-01
   6.7842E-02
   8.9233E-03
   4.4611E-04
   6.2706E-06
   1.4837E-08
   0.0000E+00
  -1.0387E-05
  -2.1569E-05
  -3.7630E-05
   4.5950E-05
   9.8434E-05
   1.4964E-04
   2.0680E-04
   2.6217E-04
   3.0997E-04
   3.4266E-04
   3.6011E-04
   3.4146E-04
   4.3257E-04
   5.9845E-04
   5.6742E-04
   9.4248E-04
   1.3930E-03
   2.1009E-03
   3.1823E-03
   4.8162E-03
   7.6817E-03
   1.1310E-02
   1.6360E-02
   2.4227E-02
   3.6629E-02
   5.4962E-02
   8.2174E-02
   1.2555E-01
   1.8790E-01
   2.8757E-01
   4.2727E-01
   4.8389E-01
   4.1925E-01
   2.0529E-01
   2.1432E-02
  -1.1970E-02
  -1.2338E-02
   1.2724E-02
   1.2487E-01
   3.6286E-01
   6.1911E-01
   7.6226E-01
   7.3482E-01
   5.2391E-01
   2.4891E-01
   6.7842E-02
   8.9233E-03
   4.4611E-04
   6.2706E-06
   1.4837E-08
   0.0000E+00
  -1.0387E-05
  -2.1569E-05
  -3.7630E-05
  -6.4724E-05
   7.3737E-05
   1.4964E-04
   2.0680E-04
   2.6218E-04
   3.0997E-04
   3.4266E-04
   3.6011E-04
   3.4146E-04
   4.3257E-04
   5.9845E-04
   5.6742E-04
   9.4248E-04
   1.3930E-03
   2.1009E-03
   3.1823E-03
   4.8162E-03
   7.6817E-03
   1.1310E-02
   1.6360E-02
   2.4227E-02
   3.6629E-02
   5.4963E-02
   8.2174E-02
   1.2555E-01
   1.8790E-01
   2.8757E-01
   4.2728E-01
   4.8390E-01
   4.1925E-01
   2.0529E-01
   2.1432E-02
  -1.1970E-02
  -1.2338E-02
   1.2724E-02
   1.2487E-01
   3.6286E-01
   6.1911E-01
   7.6226E-01
   7.3482E-01
   5.2391E-01
   2.4891E-01
   6.7842E-02
   8.9233E-03
   4.4611E-04
   6.2706E-06
   1.4837E-08
   0.0000E+00
  -1.0387E-05
  -2.1569E-05
  -3.7630E-05
  -6.4724E-05
  -1.0643E-04
   1.0790E-04
   2.0681E-04
   2.6218E-04
   3.0997E-04
   3.4266E-04
   3.6011E-04
   3.4147E-04
   4.3258E-04
   5.9845E-04
   5.6742E-04
   9.4248E-04
   1.3930E-03
   2.1009E-03
   3.1823E-03
   4.8162E-03
   7.6818E-03
   1.1311E-02
   1.6360E-02
   2.4228E-02
   3.6630E-02
   5.4963E-02
   8.2175E-02
   1.2555E-01
   1.8790E-01
   2.8758E-01
   4.2728E-01
   4.8390E-01
   4.1926E-01
   2.0529E-01
   2.1433E-02
  -1.1970E-02
  -1.2338E-02
   1.2724E-02
   1.2487E-01
   3.6286E-01
   6.1911E-01
   7.6226E-01
   7.3482E-01
   5.2391E-01
   2.4891E-01
   6.7842E-02
   8.9233E-03
   4.4611E-04
   6.2706E-06
   1.4837E-08
   0.0000E+00
  -1.0386E-05
  -2.1568E-05
  -3.7629E-05
  -6.4723E-05
  -1.0643E-04
  -1.6187E-04
   1.4348E-04
   2.6218E-04
   3.0998E-04
   3.4267E-04
   3.6012E-04
   3.4147E-04
   4.3258E-04
   5.9845E-04
   5.6742E-04
   9.4248E-04
   1.3931E-03
   2.1009E-03
   3.1824E-03
   4.8163E-03
   7.6818E-03
   1.1311E-02
   1.6360E-02
   2.4228E-02
   3.6630E-02
   5.4963E-02
   8.2176E-02
   1.2555E-01
   1.8790E-01
   2.8758E-01
   4.2728E-01
   4.8391E-01
   4.1926E-01
   2.0529E-01
   2.1433E-02
  -1.1970E-02
  -1.2338E-02
   1.2724E-02
   1.2487E-01
   3.6286E-01
   6.1911E-01
   7.6226E-01
   7.3482E-01
   5.2391E-01
   2.4891E-01
   6.7842E-02
   8.9233E-03
   4.4611E-04
   6.2706E-06
   1.4837E-08
   0.0000E+00
  -1.0386E-05
  -2.1568E-05
  -3.7629E-05
  -6.4722E-05
  -1.0643E-04
  -1.6186E-04
  -2.2484E-04
   1.7394E-04
   3.0998E-04
   3.4267E-04
   3.6012E-04
   3.4148E-04
   4.3259E-04
   5.9846E-04
   5.6742E-04
   9.4249E-04
   1.3931E-03
   2.1010E-03
   3.1824E-03
   4.8163E-03
   7.6819E-03
   1.1311E-02
   1.6360E-02
   2.4228E-02
   3.6630E-02
   5.4964E-02
   8.2177E-02
   1.2555E-01
   1.8791E-01
   2.8758E-01
   4.2729E-01
   4.8391E-01
   4.1927E-01
   2.0530E-01
   2.1434E-02
  -1.1970E-02
  -1.2338E-02
   1.2724E-02
   1.2487E-01
   3.6286E-01
   6.1911E-01
   7.6226E-01
   7.3482E-01
   5.2391E-01
   2.4891E-01
   6.7842E-02
   8.9233E-03
   4.4611E-04
   6.2706E-06
   1.4837E-08
   0.0000E+00
  -1.0386E-05
  -2.1568E-05
  -3.7628E-05
  -6.4720E-05
  -1.0643E-04
  -1.6186E-04
  -2.2483E-04
  -2.8887E-04
   1.9466E-04
   3.4268E-04
   3.6013E-04
   3.4148E-04
   4.3259E-04
   5.9846E-04
   5.6743E-04
   9.4250E-04
   1.3931E-03
   2.1010E-03
   3.1824E-03
   4.8164E-03
   7.6820E-03
   1.1311E-02
   1.6361E-02
   2.4228E-02
   3.6631E-02
   5.4965E-02
   8.2178E-02
   1.2556E-01
   1.8791E-01
   2.8759E-01
   4.2730E-01
   4.8392E-01
   4.1928E-01
   2.0530E-01
   2.1434E-02
  -1.1970E-02
  -1.2338E-02
   1.2724E-02
   1.2487E-01
   3.6286E-01
   6.1911E-01
   7.6226E-01
   7.3482E-01
   5.2391E-01
   2.4891E-01
   6.7842E-02
   8.9233E-03
   4.4612E-04
   6.2706E-06
   1.4837E-08
   0.0000E+00
  -1.0386E-05
  -2.1567E-05
  -3.7627E-05
  -6.4718E-05
  -1.0642E-04
  -1.6185E-04
  -2.2482E-04
  -2.8886E-04
  -3.5046E-04
   1.9931E-04
   3.6014E-04
   3.4150E-04
   4.3260E-04
   5.9847E-04
   5.6743E-04
   9.4251E-04
   1.3931E-03
   2.1010E-03
   3.1825E-03
   4.8165E-03
   7.6822E-03
   1.1311E-02
   1.6361E-02
   2.4229E-02
   3.6632E-02
   5.4966E-02
   8.2180E-02
   1.2556E-01
   1.8792E-01
   2.8760E-01
   4.2731E-01
   4.8394E-01
   4.1929E-01
   2.0531E-01
   2.1435E-02
  -1.1970E-02
  -1.2338E-02
   1.2724E-02
   1.2487E-01
   3.6286E-01
   6.1911E-01
   7.6226E-01
   7.3482E-01
   5.2391E-01
   2.4891E-01
   6.7842E-02
   8.9233E-03
   4.4612E-04
   6.2706E-06
   1.4837E-08
   0.0000E+00
  -1.0385E-05
  -2.1566E-05
  -3.7625E-05
  -6.4715E-05
  -1.0642E-04
  -1.6185E-04
  -2.2481E-04
  -2.8885E-04
  -3.5045E-04
  -4.0439E-04
   1.9163E-04
   3.4151E-04
   4.3262E-04
   5.9848E-04
   5.6743E-04
   9.4252E-04
   1.3931E-03
   2.1010E-03
   3.1825E-03
   4.8166E-03
   7.6824E-03
   1.1311E-02
   1.6361E-02
   2.4230E-02
   3.6633E-02
   5.4968E-02
   8.2183E-02
   1.2556E-01
   1.8792E-01
   2.8761E-01
   4.2732E-01
   4.8396E-01
   4.1931E-01
   2.0532E-01
   2.1437E-02
  -1.1970E-02
  -1.2338E-02
   1.2724E-02
   1.2487E-01
   3.6286E-01
   6.1911E-01
   7.6226E-01
   7.3482E-01
   5.2391E-01
   2.4891E-01
   6.7842E-02
   8.9233E-03
   4.4612E-04
   6.2706E-06
   1.4837E-08
   0.0000E+00
  -1.0385E-05
  -2.1565E-05
  -3.7623E-05
  -6.4712E-05
  -1.0641E-04
  -1.6184E-04
  -2.2480E-04
  -2.8883E-04
  -3.5043E-04
  -4.0437E-04
  -4.4951E-04
   1.6394E-04
   4.3263E-04
   5.9850E-04
   5.6744E-04
   9.4254E-04
   1.3931E-03
   2.1011E-03
   3.1826E-03
   4.8167E-03
   7.6826E-03
   1.1312E-02
   1.6362E-02
   2.4230E-02
   3.6634E-02
   5.4970E-02
   8.2186E-02
   1.2557E-01
   1.8793E-01
   2.8762E-01
   4.2734E-01
   4.8398E-01
   4.1933E-01
   2.0533E-01
   2.1438E-02
  -1.1970E-02
  -1.2338E-02
   1.2724E-02
   1.2487E-01
   3.6286E-01
   6.1911E-01
   7.6226E-01
   7.3482E-01
   5.2391E-01
   2.4891E-01
   6.7842E-02
   8.9233E-03
   4.4612E-04
   6.2706E-06
   1.4837E-08
   0.0000E+00
  -1.0384E-05
  -2.1563E-05
  -3.7621E-05
  -6.4708E-05
  -1.0641E-04
  -1.6183E-04
  -2.2479E-04
  -2.8881E-04
  -3.5041E-04
  -4.0435E-04
  -4.4948E-04
  -4.6645E-04
   2.5925E-04
   5.9851E-04
   5.6745E-04
   9.4255E-04
   1.3932E-03
   2.1011E-03
   3.1827E-03
   4.8169E-03
   7.6829E-03
   1.1312E-02
   1.6363E-02
   2.4231E-02
   3.6636E-02
   5.4972E-02
   8.2190E-02
   1.2557E-01
   1.8794E-01
   2.8763E-01
   4.2736E-01
   4.8401E-01
   4.1936E-01
   2.0534E-01
   2.1440E-02
  -1.1970E-02
  -1.2338E-02
   1.2724E-02
   1.2487E-01
   3.6286E-01
   6.1911E-01
   7.6226E-01
   7.3482E-01
   5.2391E-01
   2.4891E-01
   6.7842E-02
   8.9233E-03
   4.4612E-04
   6.2706E-06
   1.4837E-08
   0.0000E+00
  -1.0383E-05
  -2.1562E-05
  -3.7617E-05
  -6.4702E-05
  -1.0640E-04
  -1.6182E-04
  -2.2477E-04
  -2.8879E-04
  -3.5038E-04
  -4.0431E-04
  -4.4944E-04
  -4.6641E-04
  -5.5187E-04
   2.3660E-04
   5.6746E-04
   9.4259E-04
   1.3932E-03
   2.1012E-03
   3.1829E-03
   4.8171E-03
   7.6833E-03
   1.1313E-02
   1.6364E-02
   2.4233E-02
   3.6638E-02
   5.4976E-02
   8.2195E-02
   1.2558E-01
   1.8795E-01
   2.8765E-01
   4.2739E-01
   4.8404E-01
   4.1940E-01
   2.0536E-01
   2.1443E-02
  -1.1970E-02
  -1.2338E-02
   1.2724E-02
   1.2487E-01
   3.6286E-01
   6.1912E-01
   7.6227E-01
   7.3483E-01
   5.2392E-01
   2.4891E-01
   6.7843E-02
   8.9235E-03
   4.4612E-04
   6.2707E-06
   1.4838E-08
   0.0000E+00
  -1.0382E-05
  -2.1559E-05
  -3.7613E-05
  -6.4695E-05
  -1.0639E-04
  -1.6180E-04
  -2.2474E-04
  -2.8875E-04
  -3.5034E-04
  -4.0427E-04
  -4.4939E-04
  -4.6635E-04
  -5.5182E-04
  -7.1310E-04
   1.1665E-04
   9.4266E-04
   1.3933E-03
   2.1014E-03
   3.1831E-03
   4.8175E-03
   7.6840E-03
   1.1314E-02
   1.6365E-02
   2.4235E-02
   3.6642E-02
   5.4981E-02
   8.2203E-02
   1.2559E-01
   1.8797E-01
   2.8768E-01
   4.2744E-01
   4.8410E-01
   4.1945E-01
   2.0538E-01
   2.1446E-02
  -1.1970E-02
  -1.2339E-02
   1.2725E-02
   1.2488E-01
   3.6288E-01
   6.1915E-01
   7.6231E-01
   7.3486E-01
   5.2394E-01
   2.4892E-01
   6.7846E-02
   8.9239E-03
   4.4614E-04
   6.2710E-06
   1.4838E-08
   0.0000E+00
  -1.0380E-05
  -2.1555E-05
  -3.7606E-05
  -6.4683E-05
  -1.0637E-04
  -1.6177E-04
  -2.2470E-04
  -2.8870E-04
  -3.5028E-04
  -4.0420E-04
  -4.4931E-04
  -4.6627E-04
  -5.5174E-04
  -7.1302E-04
  -7.5606E-04
   3.8446E-05
   1.3935E-03
   2.1017E-03
   3.1835E-03
   4.8181E-03
   7.6850E-03
   1.1315E-02
   1.6367E-02
   2.4239E-02
   3.6647E-02
   5.4989E-02
   8.2215E-02
   1.2561E-01
   1.8800E-01
   2.8773E-01
   4.2751E-01
   4.8418E-01
   4.1952E-01
   2.0542E-01
   2.1451E-02
  -1.1971E-02
  -1.2340E-02
   1.2726E-02
   1.2489E-01
   3.6291E-01
   6.1920E-01
   7.6237E-01
   7.3492E-01
   5.2398E-01
   2.4894E-01
   6.7851E-02
   8.9246E-03
   4.4618E-04
   6.2715E-06
   1.4839E-08
   0.0000E+00
  -1.0377E-05
  -2.1550E-05
  -3.7596E-05
  -6.4666E-05
  -1.0634E-04
  -1.6172E-04
  -2.2464E-04
  -2.8863E-04
  -3.5018E-04
  -4.0409E-04
  -4.4919E-04
  -4.6615E-04
  -5.5162E-04
  -7.1289E-04
  -7.5595E-04
  -1.2366E-03
   8.1467E-05
   2.1020E-03
   3.1841E-03
   4.8191E-03
   7.6866E-03
   1.1318E-02
   1.6371E-02
   2.4244E-02
   3.6655E-02
   5.5002E-02
   8.2234E-02
   1.2564E-01
   1.8804E-01
   2.8779E-01
   4.2761E-01
   4.8430E-01
   4.1963E-01
   2.0548E-01
   2.1458E-02
  -1.1973E-02
  -1.2341E-02
   1.2727E-02
   1.2490E-01
   3.6295E-01
   6.1926E-01
   7.6245E-01
   7.3500E-01
   5.2404E-01
   2.4897E-01
   6.7858E-02
   8.9255E-03
   4.4622E-04
   6.2722E-06
   1.4841E-08
   0.0000E+00
  -1.0373E-05
  -2.1541E-05
  -3.7581E-05
  -6.4639E-05
  -1.0629E-04
  -1.6166E-04
  -2.2455E-04
  -2.8851E-04
  -3.5004E-04
  -4.0392E-04
  -4.4900E-04
  -4.6595E-04
  -5.5143E-04
  -7.1270E-04
  -7.5578E-04
  -1.2363E-03
  -1.8384E-03
   1.2689E-04
   3.1850E-03
   4.8204E-03
   7.6889E-03
   1.1321E-02
   1.6376E-02
   2.4252E-02
   3.6667E-02
   5.5020E-02
   8.2262E-02
   1.2569E-01
   1.8811E-01
   2.8790E-01
   4.2776E-01
   4.8449E-01
   4.1981E-01
   2.0556E-01
   2.1470E-02
  -1.1974E-02
  -1.2343E-02
   1.2729E-02
   1.2492E-01
   3.6300E-01
   6.1934E-01
   7.6255E-01
   7.3510E-01
   5.2411E-01
   2.4900E-01
   6.7867E-02
   8.9267E-03
   4.4628E-04
   6.2730E-06
   1.4842E-08
   0.0000E+00
  -1.0366E-05
  -2.1527E-05
  -3.7556E-05
  -6.4597E-05
  -1.0623E-04
  -1.6155E-04
  -2.2440E-04
  -2.8832E-04
  -3.4981E-04
  -4.0366E-04
  -4.4871E-04
  -4.6565E-04
  -5.5114E-04
  -7.1241E-04
  -7.5553E-04
  -1.2359E-03
  -1.8376E-03
  -2.7822E-03
   1.9447E-04
   4.8224E-03
   7.6924E-03
   1.1327E-02
   1.6384E-02
   2.4263E-02
   3.6685E-02
   5.5048E-02
   8.2305E-02
   1.2575E-01
   1.8821E-01
   2.8806E-01
   4.2800E-01
   4.8478E-01
   4.2008E-01
   2.0570E-01
   2.1488E-02
  -1.1976E-02
  -1.2345E-02
   1.2731E-02
   1.2494E-01
   3.6306E-01
   6.1945E-01
   7.6268E-01
   7.3522E-01
   5.2419E-01
   2.4904E-01
   6.7879E-02
   8.9282E-03
   4.4636E-04
   6.2741E-06
   1.4846E-08
   0.0000E+00
  -1.0356E-05
  -2.1505E-05
  -3.7518E-05
  -6.4532E-05
  -1.0612E-04
  -1.6139E-04
  -2.2418E-04
  -2.8803E-04
  -3.4945E-04
  -4.0325E-04
  -4.4826E-04
  -4.6518E-04
  -5.5069E-04
  -7.1197E-04
  -7.5515E-04
  -1.2351E-03
  -1.8365E-03
  -2.7804E-03
  -4.2259E-03
   2.8264E-04
   7.6976E-03
   1.1334E-02
   1.6395E-02
   2.4281E-02
   3.6713E-02
   5.5091E-02
   8.2371E-02
   1.2586E-01
   1.8837E-01
   2.8830E-01
   4.2837E-01
   4.8524E-01
   4.2051E-01
   2.0591E-01
   2.1518E-02
  -1.1978E-02
  -1.2347E-02
   1.2733E-02
   1.2496E-01
   3.6313E-01
   6.1958E-01
   7.6283E-01
   7.3537E-01
   5.2430E-01
   2.4909E-01
   6.7893E-02
   8.9300E-03
   4.4645E-04
   6.2754E-06
   1.4849E-08
   0.0000E+00
  -1.0338E-05
  -2.1467E-05
  -3.7453E-05
  -6.4419E-05
  -1.0593E-04
  -1.6111E-04
  -2.2378E-04
  -2.8752E-04
  -3.4884E-04
  -4.0254E-04
  -4.4747E-04
  -4.6436E-04
  -5.4992E-04
  -7.1122E-04
  -7.5452E-04
  -1.2339E-03
  -1.8346E-03
  -2.7773E-03
  -4.2209E-03
  -6.5289E-03
   4.6576E-04
   1.1348E-02
   1.6415E-02
   2.4311E-02
   3.6761E-02
   5.5165E-02
   8.2483E-02
   1.2603E-01
   1.8864E-01
   2.8872E-01
   4.2901E-01
   4.8602E-01
   4.2125E-01
   2.0628E-01
   2.1570E-02
  -1.1980E-02
  -1.2351E-02
   1.2737E-02
   1.2500E-01
   3.6323E-01
   6.1975E-01
   7.6304E-01
   7.3557E-01
   5.2445E-01
   2.4916E-01
   6.7911E-02
   8.9325E-03
   4.4657E-04
   6.2771E-06
   1.4853E-08
   0.0000E+00
  -1.0305E-05
  -2.1400E-05
  -3.7335E-05
  -6.4217E-05
  -1.0560E-04
  -1.6060E-04
  -2.2308E-04
  -2.8662E-04
  -3.4775E-04
  -4.0128E-04
  -4.4607E-04
  -4.6290E-04
  -5.4855E-04
  -7.0988E-04
  -7.5340E-04
  -1.2318E-03
  -1.8312E-03
  -2.7719E-03
  -4.2122E-03
  -6.5146E-03
  -1.0800E-02
  -1.1643E-04
   1.6451E-02
   2.4365E-02
   3.6845E-02
   5.5295E-02
   8.2683E-02
   1.2635E-01
   1.8912E-01
   2.8948E-01
   4.3015E-01
   4.8744E-01
   4.2259E-01
   2.0695E-01
   2.1664E-02
  -1.1983E-02
  -1.2356E-02
   1.2742E-02
   1.2505E-01
   3.6338E-01
   6.2001E-01
   7.6337E-01
   7.3588E-01
   5.2467E-01
   2.4927E-01
   6.7940E-02
   8.9363E-03
   4.4676E-04
   6.2797E-06
   1.4859E-08
   0.0000E+00
  -1.0251E-05
  -2.1288E-05
  -3.7140E-05
  -6.3881E-05
  -1.0505E-04
  -1.5976E-04
  -2.2192E-04
  -2.8512E-04
  -3.4593E-04
  -3.9918E-04
  -4.4373E-04
  -4.6048E-04
  -5.4627E-04
  -7.0768E-04
  -7.5156E-04
  -1.2282E-03
  -1.8256E-03
  -2.7628E-03
  -4.1977E-03
  -6.4909E-03
  -1.0758E-02
  -1.6914E-02
  -6.1445E-04
   2.4455E-02
   3.6987E-02
   5.5513E-02
   8.3018E-02
   1.2688E-01
   1.8992E-01
   2.9074E-01
   4.3204E-01
   4.8979E-01
   4.2483E-01
   2.0806E-01
   2.1822E-02
  -1.1988E-02
  -1.2364E-02
   1.2751E-02
   1.2513E-01
   3.6363E-01
   6.2043E-01
   7.6388E-01
   7.3638E-01
   5.2502E-01
   2.4944E-01
   6.7986E-02
   8.9423E-03
   4.4706E-04
   6.2840E-06
   1.4868E-08
   0.0000E+00
  -1.0166E-05
  -2.1110E-05
  -3.6829E-05
  -6.3346E-05
  -1.0417E-04
  -1.5842E-04
  -2.2006E-04
  -2.8274E-04
  -3.4303E-04
  -3.9584E-04
  -4.4002E-04
  -4.5662E-04
  -5.4265E-04
  -7.0419E-04
  -7.4865E-04
  -1.2226E-03
  -1.8167E-03
  -2.7485E-03
  -4.1747E-03
  -6.4532E-03
  -1.0691E-02
  -1.6804E-02
  -2.5754E-02
  -1.0088E-03
   3.7213E-02
   5.5864E-02
   8.3555E-02
   1.2772E-01
   1.9122E-01
   2.9276E-01
   4.3510E-01
   4.9360E-01
   4.2844E-01
   2.0986E-01
   2.2078E-02
  -1.1995E-02
  -1.2376E-02
   1.2763E-02
   1.2526E-01
   3.6398E-01
   6.2103E-01
   7.6463E-01
   7.3710E-01
   5.2554E-01
   2.4968E-01
   6.8052E-02
   8.9510E-03
   4.4750E-04
   6.2901E-06
   1.4883E-08
   0.0000E+00
  -1.0031E-05
  -2.0829E-05
  -3.6340E-05
  -6.2505E-05
  -1.0279E-04
  -1.5632E-04
  -2.1714E-04
  -2.7898E-04
  -3.3848E-04
  -3.9058E-04
  -4.3417E-04
  -4.5055E-04
  -5.3697E-04
  -6.9873E-04
  -7.4412E-04
  -1.2138E-03
  -1.8028E-03
  -2.7261E-03
  -4.1387E-03
  -6.3942E-03
  -1.0586E-02
  -1.6632E-02
  -2.5482E-02
  -3.9286E-02
  -1.4905E-03
   5.6425E-02
   8.4416E-02
   1.2908E-01
   1.9329E-01
   2.9601E-01
   4.4000E-01
   4.9970E-01
   4.3425E-01
   2.1276E-01
   2.2491E-02
  -1.2004E-02
  -1.2393E-02
   1.2781E-02
   1.2543E-01
   3.6448E-01
   6.2188E-01
   7.6567E-01
   7.3810E-01
   5.2625E-01
   2.5002E-01
   6.8145E-02
   8.9632E-03
   4.4811E-04
   6.2987E-06
   1.4903E-08
   0.0000E+00
  -9.8096E-06
  -2.0371E-05
  -3.5540E-05
  -6.1129E-05
  -1.0052E-04
  -1.5288E-04
  -2.1235E-04
  -2.7284E-04
  -3.3102E-04
  -3.8197E-04
  -4.2460E-04
  -4.4062E-04
  -5.2769E-04
  -6.8985E-04
  -7.3677E-04
  -1.1995E-03
  -1.7801E-03
  -2.6896E-03
  -4.0801E-03
  -6.2980E-03
  -1.0414E-02
  -1.6350E-02
  -2.5039E-02
  -3.8582E-02
  -6.1239E-02
  -3.9254E-03
   8.5866E-02
   1.3136E-01
   1.9678E-01
   3.0149E-01
   4.4828E-01
   5.1004E-01
   4.4410E-01
   2.1767E-01
   2.3197E-02
  -1.2013E-02
  -1.2417E-02
   1.2805E-02
   1.2567E-01
   3.6518E-01
   6.2308E-01
   7.6715E-01
   7.3953E-01
   5.2727E-01
   2.5050E-01
   6.8276E-02
   8.9805E-03
   4.4897E-04
   6.3108E-06
   1.4932E-08
   0.0000E+00
  -9.4557E-06
  -1.9635E-05
  -3.4257E-05
  -5.8923E-05
  -9.6895E-05
  -1.4736E-04
  -2.0469E-04
  -2.6299E-04
  -3.1908E-04
  -3.6819E-04
  -4.0927E-04
  -4.2470E-04
  -5.1284E-04
  -6.7568E-04
  -7.2509E-04
  -1.1767E-03
  -1.7440E-03
  -2.6314E-03
  -3.9864E-03
  -6.1442E-03
  -1.0139E-02
  -1.5901E-02
  -2.4329E-02
  -3.7457E-02
  -5.9395E-02
  -9.5860E-02
  -6.3724E-03
   1.3524E-01
   2.0271E-01
   3.1079E-01
   4.6232E-01
   5.2759E-01
   4.6085E-01
   2.2603E-01
   2.4400E-02
  -1.2023E-02
  -1.2451E-02
   1.2841E-02
   1.2601E-01
   3.6619E-01
   6.2479E-01
   7.6926E-01
   7.4156E-01
   5.2872E-01
   2.5119E-01
   6.8464E-02
   9.0052E-03
   4.5021E-04
   6.3282E-06
   1.4974E-08
   0.0000E+00
  -8.9031E-06
  -1.8488E-05
  -3.2255E-05
  -5.5480E-05
  -9.1233E-05
  -1.3875E-04
  -1.9273E-04
  -2.4762E-04
  -3.0043E-04
  -3.4666E-04
  -3.8534E-04
  -3.9986E-04
  -4.8971E-04
  -6.5366E-04
  -7.0699E-04
  -1.1414E-03
  -1.6879E-03
  -2.5408E-03
  -3.8407E-03
  -5.9049E-03
  -9.7117E-03
  -1.5200E-02
  -2.3223E-02
  -3.5702E-02
  -5.6521E-02
  -9.1082E-02
  -1.4874E-01
  -8.4862E-03
   2.1285E-01
   3.2671E-01
   4.8638E-01
   5.5773E-01
   4.8966E-01
   2.4041E-01
   2.6480E-02
  -1.2027E-02
  -1.2498E-02
   1.2889E-02
   1.2649E-01
   3.6756E-01
   6.2713E-01
   7.7214E-01
   7.4434E-01
   5.3070E-01
   2.5213E-01
   6.8721E-02
   9.0390E-03
   4.5190E-04
   6.3519E-06
   1.5029E-08
   0.0000E+00
  -8.0671E-06
  -1.6752E-05
  -2.9226E-05
  -5.0271E-05
  -8.2667E-05
  -1.2572E-04
  -1.7463E-04
  -2.2437E-04
  -2.7221E-04
  -3.1410E-04
  -3.4913E-04
  -3.6227E-04
  -4.5476E-04
  -6.2048E-04
  -6.7980E-04
  -1.0882E-03
  -1.6034E-03
  -2.4043E-03
  -3.6210E-03
  -5.5437E-03
  -9.0660E-03
  -1.4142E-02
  -2.1552E-02
  -3.3050E-02
  -5.2177E-02
  -8.3860E-02
  -1.3661E-01
  -2.3133E-01
  -1.0420E-02
   3.5485E-01
   5.2891E-01
   6.1111E-01
   5.4075E-01
   2.6591E-01
   3.0184E-02
  -1.2012E-02
  -1.2559E-02
   1.2952E-02
   1.2711E-01
   3.6938E-01
   6.3023E-01
   7.7595E-01
   7.4802E-01
   5.3332E-01
   2.5338E-01
   6.9060E-02
   9.0836E-03
   4.5413E-04
   6.3833E-06
   1.5104E-08
   0.0000E+00
  -6.8737E-06
  -1.4273E-05
  -2.4903E-05
  -4.2834E-05
  -7.0439E-05
  -1.0713E-04
  -1.4880E-04
  -1.9118E-04
  -2.3194E-04
  -2.6762E-04
  -2.9745E-04
  -3.0862E-04
  -4.0494E-04
  -5.7327E-04
  -6.4119E-04
  -1.0125E-03
  -1.4831E-03
  -2.2100E-03
  -3.3081E-03
  -5.0292E-03
  -8.1459E-03
  -1.2633E-02
  -1.9170E-02
  -2.9270E-02
  -4.5982E-02
  -7.3558E-02
  -1.1931E-01
  -2.0110E-01
  -3.5396E-01
   1.6162E-02
   6.0731E-01
   7.0965E-01
   6.3522E-01
   3.1307E-01
   3.7059E-02
  -1.1949E-02
  -1.2638E-02
   1.3033E-02
   1.2791E-01
   3.7169E-01
   6.3417E-01
   7.8081E-01
   7.5270E-01
   5.3665E-01
   2.5496E-01
   6.9492E-02
   9.1404E-03
   4.5697E-04
   6.4232E-06
   1.5198E-08
   0.0000E+00
  -5.1937E-06
  -1.0784E-05
  -1.8816E-05
  -3.2366E-05
  -5.3226E-05
  -8.0948E-05
  -1.1244E-04
  -1.4445E-04
  -1.7524E-04
  -2.0218E-04
  -2.2470E-04
  -2.3309E-04
  -3.3493E-04
  -5.0713E-04
  -5.8730E-04
  -9.0652E-04
  -1.3146E-03
  -1.9376E-03
  -2.8693E-03
  -4.3073E-03
  -6.8537E-03
  -1.0514E-02
  -1.5823E-02
  -2.3956E-02
  -3.7274E-02
  -5.9074E-02
  -9.4971E-02
  -1.5858E-01
  -2.7660E-01
  -5.5246E-01
   7.0068E-02
   9.2476E-01
   8.4175E-01
   4.1621E-01
   5.2153E-02
  -1.1727E-02
  -1.2727E-02
   1.3125E-02
   1.2881E-01
   3.7431E-01
   6.3865E-01
   7.8632E-01
   7.5801E-01
   5.4044E-01
   2.5676E-01
   6.9983E-02
   9.2049E-03
   4.6019E-04
   6.4685E-06
   1.5306E-08
   0.0000E+00
  -3.1777E-06
  -6.5975E-06
  -1.1512E-05
  -1.9804E-05
  -3.2568E-05
  -4.9532E-05
  -6.8799E-05
  -8.8383E-05
  -1.0721E-04
  -1.2367E-04
  -1.3740E-04
  -1.4248E-04
  -2.5110E-04
  -4.2819E-04
  -5.2323E-04
  -7.8024E-04
  -1.1136E-03
  -1.6124E-03
  -2.3449E-03
  -3.4440E-03
  -5.3075E-03
  -7.9776E-03
  -1.1816E-02
  -1.7593E-02
  -2.6842E-02
  -4.1720E-02
  -6.5806E-02
  -1.0760E-01
  -1.8385E-01
  -3.5820E-01
  -8.5874E-01
   1.2099E-01
   1.3776E+00
   6.8385E-01
   9.1428E-02
  -1.0995E-02
  -1.2805E-02
   1.3206E-02
   1.2960E-01
   3.7662E-01
   6.4258E-01
   7.9116E-01
   7.6268E-01
   5.4377E-01
   2.5834E-01
   7.0414E-02
   9.2616E-03
   4.6303E-04
   6.5084E-06
   1.5400E-08
   0.0000E+00
  -1.2933E-06
  -2.6843E-06
  -4.6852E-06
  -8.0615E-06
  -1.3260E-05
  -2.0167E-05
  -2.8009E-05
  -3.5974E-05
  -4.3621E-05
  -5.0291E-05
  -5.5832E-05
  -5.7818E-05
  -1.7305E-04
  -3.5512E-04
  -4.6437E-04
  -6.6361E-04
  -9.2768E-04
  -1.3112E-03
  -1.8585E-03
  -2.6424E-03
  -3.8698E-03
  -5.6176E-03
  -8.0863E-03
  -1.1668E-02
  -1.7123E-02
  -2.5546E-02
  -3.8615E-02
  -6.0055E-02
  -9.7303E-02
  -1.7683E-01
  -3.9243E-01
  -1.2762E+00
   5.1837E-01
   1.6867E+00
   2.3879E-01
  -7.9756E-03
  -1.2828E-02
   1.3232E-02
   1.2985E-01
   3.7734E-01
   6.4381E-01
   7.9268E-01
   7.6414E-01
   5.4481E-01
   2.5884E-01
   7.0549E-02
   9.2794E-03
   4.6392E-04
   6.5209E-06
   1.5429E-08
   0.0000E+00
  -2.1861E-07
  -4.5276E-07
  -7.9186E-07
  -1.3648E-06
  -2.2474E-06
  -3.4191E-06
  -4.7461E-06
  -6.0878E-06
  -7.3653E-06
  -8.4617E-06
  -9.3454E-06
  -9.5918E-06
  -1.2842E-04
  -3.1308E-04
  -4.3031E-04
  -5.9643E-04
  -8.2075E-04
  -1.1381E-03
  -1.5795E-03
  -2.1831E-03
  -3.0474E-03
  -4.2689E-03
  -5.9563E-03
  -8.2856E-03
  -1.1579E-02
  -1.6324E-02
  -2.3116E-02
  -3.2957E-02
  -4.7978E-02
  -7.3456E-02
  -1.2655E-01
  -2.5098E-01
  -1.6654E+00
   1.0242E+00
   1.4466E+00
   1.6925E-02
  -1.2860E-02
   1.3279E-02
   1.3032E-01
   3.7870E-01
   6.4614E-01
   7.9554E-01
   7.6690E-01
   5.4678E-01
   2.5978E-01
   7.0804E-02
   9.3129E-03
   4.6559E-04
   6.5444E-06
   1.5485E-08
   0.0000E+00
  -4.1393E-09
  -7.6142E-09
  -1.4941E-08
  -2.8262E-08
  -4.9472E-08
  -7.6503E-08
  -1.0366E-07
  -1.2509E-07
  -1.3567E-07
  -1.2802E-07
  -9.3505E-08
  -9.1529E-09
  -1.1914E-04
  -3.0365E-04
  -4.2210E-04
  -5.8109E-04
  -7.9677E-04
  -1.1000E-03
  -1.5189E-03
  -2.0848E-03
  -2.8743E-03
  -3.9879E-03
  -5.5155E-03
  -7.5899E-03
  -1.0446E-02
  -1.4449E-02
  -1.9979E-02
  -2.7496E-02
  -3.8066E-02
  -5.2737E-02
  -7.3359E-02
  -4.6306E-02
  -4.5392E-02
  -1.7923E+00
   1.3509E+00
   1.0110E+00
  -1.2381E-02
   1.3371E-02
   1.3122E-01
   3.8131E-01
   6.5060E-01
   8.0103E-01
   7.7219E-01
   5.5055E-01
   2.6157E-01
   7.1292E-02
   9.3771E-03
   4.6880E-04
   6.5895E-06
   1.5592E-08
   0.0000E+00
   2.2470E-09
   5.6025E-09
   8.1889E-09
   1.1597E-08
   1.6127E-08
   2.3260E-08
   3.4776E-08
   5.2344E-08
   7.8582E-08
   1.1735E-07
   1.7660E-07
   2.6695E-07
  -1.1796E-04
  -3.0107E-04
  -4.1867E-04
  -5.7625E-04
  -7.9004E-04
  -1.0906E-03
  -1.5056E-03
  -2.0662E-03
  -2.8476E-03
  -3.9497E-03
  -5.4613E-03
  -7.5128E-03
  -1.0335E-02
  -1.4287E-02
  -1.9740E-02
  -2.7133E-02
  -3.7495E-02
  -5.1742E-02
  -7.1249E-02
  -3.9899E-02
   3.4150E-03
   4.1302E-03
  -1.5589E+00
   1.2766E+00
   7.5969E-01
   1.3552E-02
   1.3299E-01
   3.8646E-01
   6.5939E-01
   8.1185E-01
   7.8262E-01
   5.5799E-01
   2.6510E-01
   7.2255E-02
   9.5039E-03
   4.7514E-04
   6.6786E-06
   1.5802E-08
   0.0000E+00
   2.2129E-09
   5.5348E-09
   8.0757E-09
   1.1451E-08
   1.5926E-08
   2.2976E-08
   3.4342E-08
   5.1662E-08
   7.7522E-08
   1.1573E-07
   1.7409E-07
   2.6307E-07
  -1.1626E-04
  -2.9672E-04
  -4.1262E-04
  -5.6792E-04
  -7.7862E-04
  -1.0748E-03
  -1.4838E-03
  -2.0363E-03
  -2.8064E-03
  -3.8926E-03
  -5.3823E-03
  -7.4042E-03
  -1.0185E-02
  -1.4080E-02
  -1.9454E-02
  -2.6741E-02
  -3.6954E-02
  -5.0994E-02
  -7.0219E-02
  -3.9319E-02
   3.3991E-03
   5.4067E-03
   8.6004E-03
  -1.2800E+00
   1.0770E+00
   6.2611E-01
   1.3639E-01
   3.9633E-01
   6.7623E-01
   8.3258E-01
   8.0261E-01
   5.7224E-01
   2.7187E-01
   7.4100E-02
   9.7465E-03
   4.8727E-04
   6.8491E-06
   1.6207E-08
   0.0000E+00
   2.1657E-09
   5.3819E-09
   7.8711E-09
   1.1153E-08
   1.5506E-08
   2.2364E-08
   3.3447E-08
   5.0313E-08
   7.5487E-08
   1.1268E-07
   1.6950E-07
   2.5613E-07
  -1.1319E-04
  -2.8889E-04
  -4.0173E-04
  -5.5293E-04
  -7.5807E-04
  -1.0464E-03
  -1.4447E-03
  -1.9826E-03
  -2.7324E-03
  -3.7899E-03
  -5.2403E-03
  -7.2088E-03
  -9.9165E-03
  -1.3709E-02
  -1.8941E-02
  -2.6035E-02
  -3.5978E-02
  -4.9648E-02
  -6.8366E-02
  -3.8281E-02
   3.3094E-03
   5.2640E-03
   8.3757E-03
   1.0883E-02
  -1.0121E+00
   8.0800E-01
   6.0785E-01
   4.1512E-01
   7.0829E-01
   8.7206E-01
   8.4066E-01
   5.9937E-01
   2.8476E-01
   7.7614E-02
   1.0209E-02
   5.1037E-04
   7.1739E-06
   1.6976E-08
   0.0000E+00
   2.0566E-09
   5.1409E-09
   7.5005E-09
   1.0619E-08
   1.4801E-08
   2.1329E-08
   3.1901E-08
   4.7991E-08
   7.1983E-08
   1.0746E-07
   1.6162E-07
   2.4425E-07
  -1.0794E-04
  -2.7548E-04
  -3.8308E-04
  -5.2726E-04
  -7.2288E-04
  -9.9785E-04
  -1.3776E-03
  -1.8905E-03
  -2.6055E-03
  -3.6140E-03
  -4.9970E-03
  -6.8742E-03
  -9.4562E-03
  -1.3072E-02
  -1.8062E-02
  -2.4827E-02
  -3.4308E-02
  -4.7343E-02
  -6.5192E-02
  -3.6504E-02
   3.1558E-03
   5.0198E-03
   7.9887E-03
   1.0402E-02
   9.1970E-03
  -8.1060E-01
   5.8684E-01
   8.0872E-01
   7.6907E-01
   9.4689E-01
   9.1280E-01
   6.5081E-01
   3.0920E-01
   8.4274E-02
   1.1085E-02
   5.5417E-04
   7.7895E-06
   1.8435E-08
   0.0000E+00
   1.8969E-09
   4.7419E-09
   6.9520E-09
   9.8072E-09
   1.3637E-08
   1.9699E-08
   2.9427E-08
   4.4278E-08
   6.6388E-08
   9.9070E-08
   1.4906E-07
   2.2527E-07
  -9.9542E-05
  -2.5406E-04
  -3.5329E-04
  -4.8626E-04
  -6.6667E-04
  -9.2025E-04
  -1.2705E-03
  -1.7435E-03
  -2.4029E-03
  -3.3329E-03
  -4.6084E-03
  -6.3396E-03
  -8.7208E-03
  -1.2056E-02
  -1.6657E-02
  -2.2896E-02
  -3.1640E-02
  -4.3662E-02
  -6.0122E-02
  -3.3666E-02
   2.9104E-03
   4.6296E-03
   7.3702E-03
   9.6287E-03
   8.8298E-03
  -1.7624E-02
  -6.6150E-01
   4.5083E-01
   1.1556E+00
   1.0894E+00
   1.0502E+00
   7.4877E-01
   3.5574E-01
   9.6959E-02
   1.2753E-02
   6.3759E-04
   8.9620E-06
   2.1209E-08
   0.0000E+00
   1.6715E-09
   4.1663E-09
   6.0865E-09
   8.6271E-09
   1.1989E-08
   1.7292E-08
   2.5840E-08
   3.8798E-08
   5.8238E-08
   8.6874E-08
   1.3066E-07
   1.9746E-07
  -8.7242E-05
  -2.2267E-04
  -3.0963E-04
  -4.2617E-04
  -5.8429E-04
  -8.0654E-04
  -1.1135E-03
  -1.5281E-03
  -2.1060E-03
  -2.9211E-03
  -4.0390E-03
  -5.5562E-03
  -7.6432E-03
  -1.0566E-02
  -1.4599E-02
  -2.0067E-02
  -2.7730E-02
  -3.8267E-02
  -5.2693E-02
  -2.9506E-02
   2.5508E-03
   4.0578E-03
   6.4632E-03
   8.4859E-03
   8.1986E-03
  -1.2251E-02
  -1.2344E-01
  -7.8359E-01
   3.9785E-01
   1.5598E+00
   1.3197E+00
   9.4094E-01
   4.4704E-01
   1.2184E-01
   1.6026E-02
   8.0123E-04
   1.1262E-05
   2.6648E-08
   0.0000E+00
   1.3523E-09
   3.3930E-09
   4.9445E-09
   7.0014E-09
   9.7515E-09
   1.4045E-08
   2.0997E-08
   3.1573E-08
   4.7364E-08
   7.0693E-08
   1.0631E-07
   1.6065E-07
  -7.0985E-05
  -1.8117E-04
  -2.5194E-04
  -3.4676E-04
  -4.7541E-04
  -6.5625E-04
  -9.0601E-04
  -1.2433E-03
  -1.7136E-03
  -2.3768E-03
  -3.2864E-03
  -4.5209E-03
  -6.2190E-03
  -8.5971E-03
  -1.1879E-02
  -1.6328E-02
  -2.2563E-02
  -3.1136E-02
  -4.2874E-02
  -2.4007E-02
   2.0755E-03
   3.3019E-03
   5.2629E-03
   6.9576E-03
   7.1880E-03
  -6.3752E-03
  -8.3129E-02
  -3.2455E-01
  -1.0913E+00
   4.4554E-01
   2.0156E+00
   1.3449E+00
   6.3895E-01
   1.7415E-01
   2.2906E-02
   1.1452E-03
   1.6097E-05
   3.8099E-08
   9.0949E-12
   9.8566E-10
   2.4772E-09
   3.6025E-09
   5.1145E-09
   7.1182E-09
   1.0236E-08
   1.5351E-08
   2.3043E-08
   3.4534E-08
   5.1523E-08
   7.7458E-08
   1.1707E-07
  -5.1718E-05
  -1.3200E-04
  -1.8355E-04
  -2.5264E-04
  -3.4637E-04
  -4.7812E-04
  -6.6009E-04
  -9.0585E-04
  -1.2484E-03
  -1.7316E-03
  -2.3943E-03
  -3.2938E-03
  -4.5309E-03
  -6.2635E-03
  -8.6543E-03
  -1.1896E-02
  -1.6439E-02
  -2.2685E-02
  -3.1237E-02
  -1.7491E-02
   1.5122E-03
   2.4059E-03
   3.8382E-03
   5.1180E-03
   5.7154E-03
  -1.3204E-03
  -4.4552E-02
  -1.8247E-01
  -5.0599E-01
  -1.4646E+00
   5.6937E-01
   2.4156E+00
   1.1058E+00
   3.0139E-01
   3.9643E-02
   1.9819E-03
   2.7858E-05
   6.5920E-08
   1.8190E-11
   6.0922E-10
   1.5014E-09
   2.2445E-09
   3.1787E-09
   4.3990E-09
   6.3298E-09
   9.4684E-09
   1.4222E-08
   2.1342E-08
   3.1848E-08
   4.7886E-08
   7.2326E-08
  -3.1961E-05
  -8.1573E-05
  -1.1343E-04
  -1.5613E-04
  -2.1405E-04
  -2.9547E-04
  -4.0793E-04
  -5.5980E-04
  -7.7152E-04
  -1.0701E-03
  -1.4797E-03
  -2.0355E-03
  -2.8001E-03
  -3.8708E-03
  -5.3482E-03
  -7.3514E-03
  -1.0159E-02
  -1.4019E-02
  -1.9304E-02
  -1.0809E-02
   9.3450E-04
   1.4870E-03
   2.3746E-03
   3.1973E-03
   3.8686E-03
   1.5223E-03
  -1.6269E-02
  -7.4795E-02
  -2.1329E-01
  -5.6786E-01
  -1.8593E+00
   6.9573E-01
   2.6056E+00
   6.9369E-01
   9.1243E-02
   4.5616E-03
   6.4118E-05
   1.5172E-07
   3.6380E-11
   2.9651E-10
   7.7570E-10
   1.0650E-09
   1.5741E-09
   2.1582E-09
   3.0882E-09
   4.6332E-09
   6.9636E-09
   1.0418E-08
   1.5466E-08
   2.3304E-08
   3.5184E-08
  -1.5548E-05
  -3.9682E-05
  -5.5180E-05
  -7.5949E-05
  -1.0413E-04
  -1.4373E-04
  -1.9844E-04
  -2.7232E-04
  -3.7531E-04
  -5.2057E-04
  -7.1980E-04
  -9.9019E-04
  -1.3621E-03
  -1.8830E-03
  -2.6017E-03
  -3.5762E-03
  -4.9419E-03
  -6.8196E-03
  -9.3906E-03
  -5.2583E-03
   4.5460E-04
   7.2343E-04
   1.1564E-03
   1.5716E-03
   2.0408E-03
   1.8445E-03
  -2.5963E-03
  -1.8457E-02
  -5.6829E-02
  -1.5675E-01
  -4.9865E-01
  -2.1591E+00
   7.7289E-01
   2.4580E+00
   3.1787E-01
   1.5892E-02
   2.2338E-04
   5.2858E-07
   1.0914E-10
   8.3649E-11
   2.3572E-10
   3.7200E-10
   4.9175E-10
   7.3500E-10
   1.0607E-09
   1.5851E-09
   2.3610E-09
   3.5657E-09
   5.2998E-09
   8.0158E-09
   1.2084E-08
  -5.3399E-06
  -1.3629E-05
  -1.8952E-05
  -2.6085E-05
  -3.5763E-05
  -4.9367E-05
  -6.8155E-05
  -9.3530E-05
  -1.2890E-04
  -1.7879E-04
  -2.4722E-04
  -3.4009E-04
  -4.6783E-04
  -6.4672E-04
  -8.9357E-04
  -1.2283E-03
  -1.6973E-03
  -2.3422E-03
  -3.2253E-03
  -1.8060E-03
   1.5614E-04
   2.4849E-04
   3.9751E-04
   5.4414E-04
   7.4356E-04
   9.2968E-04
   5.3497E-04
  -1.5293E-03
  -6.9279E-03
  -2.1781E-02
  -7.4385E-02
  -3.2394E-01
  -2.2110E+00
   7.4728E-01
   2.0522E+00
   1.0117E-01
   1.4221E-03
   3.3651E-06
   6.9122E-10
   2.1183E-11
   7.1001E-11
   7.7369E-11
   1.4622E-10
   1.8925E-10
   2.2060E-10
   3.4785E-10
   5.1301E-10
   7.2340E-10
   1.1242E-09
   1.6997E-09
   2.5314E-09
  -1.1105E-06
  -2.8345E-06
  -3.9415E-06
  -5.4251E-06
  -7.4379E-06
  -1.0267E-05
  -1.4175E-05
  -1.9452E-05
  -2.6809E-05
  -3.7185E-05
  -5.1416E-05
  -7.0730E-05
  -9.7297E-05
  -1.3450E-04
  -1.8584E-04
  -2.5545E-04
  -3.5300E-04
  -4.8713E-04
  -6.7078E-04
  -3.7560E-04
   3.2473E-05
   5.1682E-05
   8.2714E-05
   1.1369E-04
   1.5975E-04
   2.2882E-04
   2.8211E-04
   2.5792E-04
   6.6895E-05
  -6.9116E-04
  -3.8688E-03
  -1.9943E-02
  -1.4086E-01
  -1.9607E+00
   6.3877E-01
   1.5557E+00
   2.1586E-02
   5.1078E-05
   1.0477E-08
  -1.6009E-11
   5.4312E-12
   2.6148E-11
  -2.5082E-11
   1.5725E-11
   4.5031E-12
   3.3915E-11
   8.7286E-11
   7.6295E-11
   1.3198E-10
   1.8932E-10
   2.9494E-10
  -1.1422E-07
  -2.9158E-07
  -4.0550E-07
  -5.5813E-07
  -7.6521E-07
  -1.0563E-06
  -1.4583E-06
  -2.0013E-06
  -2.7581E-06
  -3.8256E-06
  -5.2897E-06
  -7.2768E-06
  -1.0010E-05
  -1.3838E-05
  -1.9120E-05
  -2.6281E-05
  -3.6318E-05
  -5.0117E-05
  -6.9011E-05
  -3.8643E-05
   3.3409E-06
   5.3173E-06
   8.5114E-06
   1.1717E-05
   1.6632E-05
   2.4913E-05
   3.5632E-05
   4.8811E-05
   6.5193E-05
   7.7358E-05
   5.0651E-05
  -2.1742E-04
  -2.5025E-03
  -3.7262E-02
  -1.5505E+00
   5.1276E-01
   1.1226E+00
   2.6237E-03
   5.3797E-07
   3.6460E-11
   3.6580E-11
   5.4863E-11
   1.8603E-11
   5.7732E-13
   8.3489E-13
   1.2479E-12
   2.0068E-11
   2.1005E-11
   4.0576E-11
   2.4505E-11
   4.5923E-11
  -4.1992E-09
  -1.0746E-08
  -1.4968E-08
  -2.0620E-08
  -2.8245E-08
  -3.9007E-08
  -5.3828E-08
  -7.3868E-08
  -1.0177E-07
  -1.4117E-07
  -1.9525E-07
  -2.6856E-07
  -3.6952E-07
  -5.1079E-07
  -7.0574E-07
  -9.7003E-07
  -1.3405E-06
  -1.8498E-06
  -2.5472E-06
  -1.4263E-06
   1.2335E-07
   1.9626E-07
   3.1414E-07
   4.3267E-07
   6.1542E-07
   9.3028E-07
   1.3670E-06
   1.9764E-06
   2.8637E-06
   4.0200E-06
   5.3894E-06
   6.3648E-06
   1.6850E-06
  -1.0924E-04
  -5.0276E-03
  -1.1353E+00
   3.7631E-01
   8.0549E-01
   1.6313E-04
   4.4409E-15
   1.8194E-11
   1.8194E-11
   4.4409E-15
   1.8199E-11
   1.8199E-11
   1.3323E-14
   1.7764E-14
   2.6645E-14
   3.9968E-14
   5.7732E-14
  -1.8101E-11
  -3.8063E-11
  -6.0765E-11
  -1.3509E-10
  -1.8593E-10
  -2.3673E-10
  -3.5188E-10
  -4.8581E-10
  -6.8487E-10
  -9.0063E-10
  -1.2744E-09
  -1.7622E-09
  -2.4059E-09
  -3.3346E-09
  -4.6098E-09
  -6.3693E-09
  -8.7913E-09
  -1.2062E-08
  -1.6677E-08
  -2.2953E-08
  -1.2873E-08
   1.1130E-09
   1.7713E-09
   2.8355E-09
   3.9594E-09
   5.5743E-09
   8.4059E-09
   1.2402E-08
   1.8011E-08
   2.6233E-08
   3.7277E-08
   5.1667E-08
   6.9805E-08
   9.5856E-08
   9.9564E-08
  -1.2765E-06
  -3.2209E-04
  -8.1839E-01
   2.8703E-01
   5.7424E-01
   0.0000E+00
  -1.8190E-11
  -1.8190E-11
   0.0000E+00
  -1.8190E-11
  -3.6380E-11
   0.0000E+00
   0.0000E+00
  -1.8190E-11
   0.0000E+00
   0.0000E+00
   0.0000E+00
  -1.8234E-11
  -1.1546E-13
  -1.8350E-11
  -1.8412E-11
  -1.8492E-11
  -1.8607E-11
  -1.8763E-11
  -7.8604E-13
  -1.0836E-12
  -1.9691E-11
  -2.0739E-12
  -3.9231E-11
  -3.9213E-12
  -5.4179E-12
  -6.2057E-11
  -4.6669E-11
  -1.4220E-11
  -1.9624E-11
  -2.7023E-11
  -3.3320E-11
   1.3056E-12
  -1.6112E-11
   3.3307E-12
  -3.1792E-11
  -1.1662E-11
  -8.3134E-12
   1.4553E-11
  -1.5237E-11
   1.2661E-11
   4.3854E-11
   4.2641E-11
   6.4300E-11
   6.1191E-11
   1.2258E-10
   1.6916E-10
  -2.4844E-09
  -6.8056E-06
  -6.0374E-01
   6.4522E-01
