[I 10:12:43.887 NotebookApp] Serving notebooks from local directory: /home/innes/matrixrt/fortran
[I 10:12:43.888 NotebookApp] Jupyter Notebook 6.4.6 is running at:
[I 10:12:43.888 NotebookApp] http://localhost:8890/
[I 10:12:43.888 NotebookApp] Use Control-C to stop this server and shut down all kernels (twice to skip confirmation).
[I 10:13:14.493 NotebookApp] 302 GET / (::1) 1.240000ms
[W 10:13:45.536 NotebookApp] 403 POST /api/shutdown (::1): '_xsrf' argument missing from POST
[W 10:13:45.597 NotebookApp] 403 POST /api/shutdown (::1) 65.690000ms referer=None
[I 14:34:17.123 NotebookApp] 302 GET / (::1) 751.450000ms
[W 14:34:18.045 NotebookApp] Clearing invalid/expired login cookie username-localhost-8888
[W 14:34:18.343 NotebookApp] Clearing invalid/expired login cookie username-localhost-8888
[I 14:34:18.492 NotebookApp] 302 GET /tree? (::1) 875.710000ms
[I 14:34:18.694 NotebookApp] 302 GET / (::1) 0.920000ms
[W 14:34:18.752 NotebookApp] Clearing invalid/expired login cookie username-localhost-8888
[W 14:34:18.753 NotebookApp] Clearing invalid/expired login cookie username-localhost-8888
[I 14:34:18.754 NotebookApp] 302 GET /tree? (::1) 2.340000ms
[I 14:34:25.261 NotebookApp] 302 POST /login?next=%2Ftree%3F (::1) 129.300000ms
[I 14:35:22.284 NotebookApp] 302 GET / (::1) 1.050000ms
[C 17:47:46.343 NotebookApp] received signal 15, stopping
[I 17:48:04.394 NotebookApp] Shutting down 0 kernels
[I 17:48:08.197 NotebookApp] Shutting down 0 terminals
